{"/Users/petarnenov/react-dnd/dnd-exmpl/src/App.jsx": {"path":"/Users/petarnenov/react-dnd/dnd-exmpl/src/App.jsx","statementMap":{"0":{"start":{"line":13,"column":2},"end":{"line":32,"column":null}}},"fnMap":{"0":{"name":"App","decl":{"start":{"line":11,"column":9},"end":{"line":11,"column":15}},"loc":{"start":{"line":11,"column":15},"end":{"line":34,"column":null}}}},"branchMap":{},"s":{"0":9},"f":{"0":9},"b":{}}
,"/Users/petarnenov/react-dnd/dnd-exmpl/src/main.tsx": {"path":"/Users/petarnenov/react-dnd/dnd-exmpl/src/main.tsx","statementMap":{"0":{"start":{"line":11,"column":0},"end":{"line":17,"column":null}}},"fnMap":{},"branchMap":{},"s":{"0":0},"f":{},"b":{}}
,"/Users/petarnenov/react-dnd/dnd-exmpl/src/components/Button/Button.tsx": {"path":"/Users/petarnenov/react-dnd/dnd-exmpl/src/components/Button/Button.tsx","statementMap":{"0":{"start":{"line":24,"column":15},"end":{"line":46,"column":null}},"1":{"start":{"line":32,"column":2},"end":{"line":44,"column":null}}},"fnMap":{"0":{"name":"(anonymous_0)","decl":{"start":{"line":24,"column":15},"end":{"line":24,"column":16}},"loc":{"start":{"line":31,"column":19},"end":{"line":46,"column":null}}}},"branchMap":{"0":{"loc":{"start":{"line":26,"column":2},"end":{"line":26,"column":null}},"type":"default-arg","locations":[{"start":{"line":26,"column":9},"end":{"line":26,"column":null}}]},"1":{"loc":{"start":{"line":27,"column":2},"end":{"line":27,"column":null}},"type":"default-arg","locations":[{"start":{"line":27,"column":21},"end":{"line":27,"column":null}}]},"2":{"loc":{"start":{"line":28,"column":2},"end":{"line":28,"column":null}},"type":"default-arg","locations":[{"start":{"line":28,"column":23},"end":{"line":28,"column":null}}]}},"s":{"0":1,"1":6},"f":{"0":6},"b":{"0":[5],"1":[5],"2":[5]}}
,"/Users/petarnenov/react-dnd/dnd-exmpl/src/components/ColumnBuilder/ColumnBuilder.tsx": {"path":"/Users/petarnenov/react-dnd/dnd-exmpl/src/components/ColumnBuilder/ColumnBuilder.tsx","statementMap":{"0":{"start":{"line":7,"column":22},"end":{"line":85,"column":null}},"1":{"start":{"line":8,"column":14},"end":{"line":8,"column":null}},"2":{"start":{"line":10,"column":4},"end":{"line":10,"column":null}},"3":{"start":{"line":12,"column":2},"end":{"line":12,"column":null}},"4":{"start":{"line":14,"column":69},"end":{"line":30,"column":null}},"5":{"start":{"line":17,"column":6},"end":{"line":19,"column":null}},"6":{"start":{"line":18,"column":8},"end":{"line":18,"column":null}},"7":{"start":{"line":20,"column":6},"end":{"line":20,"column":null}},"8":{"start":{"line":22,"column":27},"end":{"line":29,"column":null}},"9":{"start":{"line":32,"column":2},"end":{"line":32,"column":null}},"10":{"start":{"line":34,"column":2},"end":{"line":83,"column":null}},"11":{"start":{"line":73,"column":10},"end":{"line":79,"column":null}}},"fnMap":{"0":{"name":"(anonymous_0)","decl":{"start":{"line":7,"column":22},"end":{"line":7,"column":23}},"loc":{"start":{"line":7,"column":40},"end":{"line":85,"column":null}}},"1":{"name":"(anonymous_1)","decl":{"start":{"line":16,"column":10},"end":{"line":16,"column":11}},"loc":{"start":{"line":16,"column":40},"end":{"line":21,"column":null}}},"2":{"name":"(anonymous_2)","decl":{"start":{"line":22,"column":13},"end":{"line":22,"column":14}},"loc":{"start":{"line":22,"column":27},"end":{"line":29,"column":null}}},"3":{"name":"(anonymous_3)","decl":{"start":{"line":72,"column":24},"end":{"line":72,"column":25}},"loc":{"start":{"line":72,"column":46},"end":{"line":81,"column":9}}}},"branchMap":{"0":{"loc":{"start":{"line":17,"column":6},"end":{"line":19,"column":null}},"type":"if","locations":[{"start":{"line":17,"column":6},"end":{"line":19,"column":null}},{"start":{},"end":{}}]}},"s":{"0":0,"1":0,"2":0,"3":0,"4":0,"5":0,"6":0,"7":0,"8":0,"9":0,"10":0,"11":0},"f":{"0":0,"1":0,"2":0,"3":0},"b":{"0":[0,0]}}
,"/Users/petarnenov/react-dnd/dnd-exmpl/src/components/ColumnEdit/ColumnEdit.tsx": {"path":"/Users/petarnenov/react-dnd/dnd-exmpl/src/components/ColumnEdit/ColumnEdit.tsx","statementMap":{"0":{"start":{"line":10,"column":19},"end":{"line":10,"column":null}},"1":{"start":{"line":22,"column":19},"end":{"line":177,"column":null}},"2":{"start":{"line":29,"column":14},"end":{"line":29,"column":null}},"3":{"start":{"line":30,"column":28},"end":{"line":30,"column":null}},"4":{"start":{"line":36,"column":6},"end":{"line":36,"column":null}},"5":{"start":{"line":38,"column":19},"end":{"line":56,"column":null}},"6":{"start":{"line":39,"column":4},"end":{"line":55,"column":null}},"7":{"start":{"line":49,"column":29},"end":{"line":53,"column":null}},"8":{"start":{"line":58,"column":36},"end":{"line":120,"column":null}},"9":{"start":{"line":63,"column":11},"end":{"line":118,"column":null}},"10":{"start":{"line":65,"column":21},"end":{"line":65,"column":null}},"11":{"start":{"line":66,"column":29},"end":{"line":68,"column":null}},"12":{"start":{"line":70,"column":8},"end":{"line":72,"column":null}},"13":{"start":{"line":71,"column":10},"end":{"line":71,"column":null}},"14":{"start":{"line":73,"column":26},"end":{"line":73,"column":null}},"15":{"start":{"line":74,"column":27},"end":{"line":74,"column":null}},"16":{"start":{"line":77,"column":8},"end":{"line":79,"column":null}},"17":{"start":{"line":78,"column":10},"end":{"line":78,"column":null}},"18":{"start":{"line":82,"column":34},"end":{"line":82,"column":null}},"19":{"start":{"line":85,"column":14},"end":{"line":86,"column":null}},"20":{"start":{"line":89,"column":29},"end":{"line":89,"column":null}},"21":{"start":{"line":93,"column":11},"end":{"line":93,"column":null}},"22":{"start":{"line":100,"column":8},"end":{"line":102,"column":null}},"23":{"start":{"line":101,"column":10},"end":{"line":101,"column":null}},"24":{"start":{"line":105,"column":8},"end":{"line":107,"column":null}},"25":{"start":{"line":106,"column":10},"end":{"line":106,"column":null}},"26":{"start":{"line":110,"column":8},"end":{"line":110,"column":null}},"27":{"start":{"line":116,"column":8},"end":{"line":116,"column":null}},"28":{"start":{"line":122,"column":24},"end":{"line":139,"column":null}},"29":{"start":{"line":123,"column":11},"end":{"line":137,"column":null}},"30":{"start":{"line":128,"column":8},"end":{"line":128,"column":null}},"31":{"start":{"line":129,"column":8},"end":{"line":129,"column":null}},"32":{"start":{"line":131,"column":29},"end":{"line":136,"column":null}},"33":{"start":{"line":141,"column":33},"end":{"line":146,"column":null}},"34":{"start":{"line":143,"column":6},"end":{"line":143,"column":null}},"35":{"start":{"line":148,"column":2},"end":{"line":148,"column":null}},"36":{"start":{"line":150,"column":2},"end":{"line":175,"column":null}},"37":{"start":{"line":160,"column":25},"end":{"line":160,"column":null}}},"fnMap":{"0":{"name":"(anonymous_0)","decl":{"start":{"line":22,"column":19},"end":{"line":22,"column":20}},"loc":{"start":{"line":28,"column":6},"end":{"line":177,"column":null}}},"1":{"name":"(anonymous_1)","decl":{"start":{"line":38,"column":27},"end":{"line":38,"column":33}},"loc":{"start":{"line":38,"column":33},"end":{"line":56,"column":5}}},"2":{"name":"(anonymous_2)","decl":{"start":{"line":49,"column":15},"end":{"line":49,"column":16}},"loc":{"start":{"line":49,"column":29},"end":{"line":53,"column":null}}},"3":{"name":"(anonymous_3)","decl":{"start":{"line":54,"column":13},"end":{"line":54,"column":19}},"loc":{"start":{"line":54,"column":19},"end":{"line":54,"column":null}}},"4":{"name":"(anonymous_4)","decl":{"start":{"line":63,"column":4},"end":{"line":63,"column":11}},"loc":{"start":{"line":63,"column":11},"end":{"line":118,"column":null}}},"5":{"name":"(anonymous_5)","decl":{"start":{"line":65,"column":15},"end":{"line":65,"column":21}},"loc":{"start":{"line":65,"column":21},"end":{"line":65,"column":null}}},"6":{"name":"(anonymous_6)","decl":{"start":{"line":66,"column":15},"end":{"line":66,"column":16}},"loc":{"start":{"line":66,"column":29},"end":{"line":68,"column":null}}},"7":{"name":"(anonymous_7)","decl":{"start":{"line":69,"column":13},"end":{"line":69,"column":14}},"loc":{"start":{"line":69,"column":32},"end":{"line":117,"column":null}}},"8":{"name":"(anonymous_8)","decl":{"start":{"line":123,"column":4},"end":{"line":123,"column":11}},"loc":{"start":{"line":123,"column":11},"end":{"line":137,"column":null}}},"9":{"name":"(anonymous_9)","decl":{"start":{"line":125,"column":12},"end":{"line":125,"column":13}},"loc":{"start":{"line":125,"column":40},"end":{"line":130,"column":null}}},"10":{"name":"(anonymous_10)","decl":{"start":{"line":131,"column":15},"end":{"line":131,"column":16}},"loc":{"start":{"line":131,"column":29},"end":{"line":136,"column":null}}},"11":{"name":"(anonymous_11)","decl":{"start":{"line":142,"column":4},"end":{"line":142,"column":5}},"loc":{"start":{"line":142,"column":11},"end":{"line":144,"column":null}}},"12":{"name":"(anonymous_12)","decl":{"start":{"line":160,"column":19},"end":{"line":160,"column":25}},"loc":{"start":{"line":160,"column":25},"end":{"line":160,"column":null}}}},"branchMap":{"0":{"loc":{"start":{"line":23,"column":2},"end":{"line":23,"column":null}},"type":"default-arg","locations":[{"start":{"line":23,"column":11},"end":{"line":23,"column":null}}]},"1":{"loc":{"start":{"line":42,"column":12},"end":{"line":42,"column":null}},"type":"binary-expr","locations":[{"start":{"line":42,"column":12},"end":{"line":42,"column":23}},{"start":{"line":42,"column":23},"end":{"line":42,"column":null}}]},"2":{"loc":{"start":{"line":43,"column":16},"end":{"line":43,"column":null}},"type":"binary-expr","locations":[{"start":{"line":43,"column":16},"end":{"line":43,"column":31}},{"start":{"line":43,"column":31},"end":{"line":43,"column":null}}]},"3":{"loc":{"start":{"line":70,"column":8},"end":{"line":72,"column":null}},"type":"if","locations":[{"start":{"line":70,"column":8},"end":{"line":72,"column":null}},{"start":{},"end":{}}]},"4":{"loc":{"start":{"line":77,"column":8},"end":{"line":79,"column":null}},"type":"if","locations":[{"start":{"line":77,"column":8},"end":{"line":79,"column":null}},{"start":{},"end":{}}]},"5":{"loc":{"start":{"line":100,"column":8},"end":{"line":102,"column":null}},"type":"if","locations":[{"start":{"line":100,"column":8},"end":{"line":102,"column":null}},{"start":{},"end":{}}]},"6":{"loc":{"start":{"line":100,"column":12},"end":{"line":100,"column":67}},"type":"binary-expr","locations":[{"start":{"line":100,"column":12},"end":{"line":100,"column":38}},{"start":{"line":100,"column":38},"end":{"line":100,"column":67}}]},"7":{"loc":{"start":{"line":105,"column":8},"end":{"line":107,"column":null}},"type":"if","locations":[{"start":{"line":105,"column":8},"end":{"line":107,"column":null}},{"start":{},"end":{}}]},"8":{"loc":{"start":{"line":105,"column":12},"end":{"line":105,"column":67}},"type":"binary-expr","locations":[{"start":{"line":105,"column":12},"end":{"line":105,"column":38}},{"start":{"line":105,"column":38},"end":{"line":105,"column":67}}]},"9":{"loc":{"start":{"line":143,"column":32},"end":{"line":143,"column":67}},"type":"binary-expr","locations":[{"start":{"line":143,"column":32},"end":{"line":143,"column":57}},{"start":{"line":143,"column":57},"end":{"line":143,"column":67}}]}},"s":{"0":0,"1":0,"2":0,"3":0,"4":0,"5":0,"6":0,"7":0,"8":0,"9":0,"10":0,"11":0,"12":0,"13":0,"14":0,"15":0,"16":0,"17":0,"18":0,"19":0,"20":0,"21":0,"22":0,"23":0,"24":0,"25":0,"26":0,"27":0,"28":0,"29":0,"30":0,"31":0,"32":0,"33":0,"34":0,"35":0,"36":0,"37":0},"f":{"0":0,"1":0,"2":0,"3":0,"4":0,"5":0,"6":0,"7":0,"8":0,"9":0,"10":0,"11":0,"12":0},"b":{"0":[0],"1":[0,0],"2":[0,0],"3":[0,0],"4":[0,0],"5":[0,0],"6":[0,0],"7":[0,0],"8":[0,0],"9":[0,0]}}
,"/Users/petarnenov/react-dnd/dnd-exmpl/src/components/ColumnSource/ColumnSource.tsx": {"path":"/Users/petarnenov/react-dnd/dnd-exmpl/src/components/ColumnSource/ColumnSource.tsx","statementMap":{"0":{"start":{"line":27,"column":15},"end":{"line":65,"column":null}},"1":{"start":{"line":33,"column":33},"end":{"line":51,"column":null}},"2":{"start":{"line":34,"column":11},"end":{"line":49,"column":null}},"3":{"start":{"line":44,"column":29},"end":{"line":48,"column":null}},"4":{"start":{"line":53,"column":19},"end":{"line":58,"column":null}},"5":{"start":{"line":54,"column":11},"end":{"line":56,"column":null}},"6":{"start":{"line":60,"column":2},"end":{"line":63,"column":null}},"7":{"start":{"line":61,"column":24},"end":{"line":61,"column":42}}},"fnMap":{"0":{"name":"(anonymous_0)","decl":{"start":{"line":27,"column":15},"end":{"line":27,"column":16}},"loc":{"start":{"line":32,"column":19},"end":{"line":65,"column":null}}},"1":{"name":"(anonymous_1)","decl":{"start":{"line":34,"column":4},"end":{"line":34,"column":11}},"loc":{"start":{"line":34,"column":11},"end":{"line":49,"column":null}}},"2":{"name":"(anonymous_2)","decl":{"start":{"line":44,"column":15},"end":{"line":44,"column":16}},"loc":{"start":{"line":44,"column":29},"end":{"line":48,"column":null}}},"3":{"name":"(anonymous_3)","decl":{"start":{"line":54,"column":4},"end":{"line":54,"column":11}},"loc":{"start":{"line":54,"column":11},"end":{"line":56,"column":null}}},"4":{"name":"(anonymous_4)","decl":{"start":{"line":61,"column":14},"end":{"line":61,"column":15}},"loc":{"start":{"line":61,"column":24},"end":{"line":61,"column":42}}}},"branchMap":{"0":{"loc":{"start":{"line":28,"column":2},"end":{"line":28,"column":null}},"type":"default-arg","locations":[{"start":{"line":28,"column":11},"end":{"line":28,"column":null}}]},"1":{"loc":{"start":{"line":35,"column":12},"end":{"line":35,"column":null}},"type":"cond-expr","locations":[{"start":{"line":35,"column":41},"end":{"line":35,"column":50}},{"start":{"line":35,"column":50},"end":{"line":35,"column":null}}]},"2":{"loc":{"start":{"line":37,"column":12},"end":{"line":37,"column":null}},"type":"binary-expr","locations":[{"start":{"line":37,"column":12},"end":{"line":37,"column":23}},{"start":{"line":37,"column":23},"end":{"line":37,"column":null}}]},"3":{"loc":{"start":{"line":38,"column":16},"end":{"line":38,"column":null}},"type":"binary-expr","locations":[{"start":{"line":38,"column":16},"end":{"line":38,"column":31}},{"start":{"line":38,"column":31},"end":{"line":38,"column":null}}]}},"s":{"0":0,"1":0,"2":0,"3":0,"4":0,"5":0,"6":0,"7":0},"f":{"0":0,"1":0,"2":0,"3":0,"4":0},"b":{"0":[0],"1":[0,0],"2":[0,0],"3":[0,0]}}
,"/Users/petarnenov/react-dnd/dnd-exmpl/src/components/ColumnSourceList/ColumnSourceList.tsx": {"path":"/Users/petarnenov/react-dnd/dnd-exmpl/src/components/ColumnSourceList/ColumnSourceList.tsx","statementMap":{"0":{"start":{"line":9,"column":25},"end":{"line":38,"column":null}},"1":{"start":{"line":10,"column":19},"end":{"line":10,"column":null}},"2":{"start":{"line":12,"column":18},"end":{"line":29,"column":null}},"3":{"start":{"line":13,"column":23},"end":{"line":13,"column":null}},"4":{"start":{"line":14,"column":4},"end":{"line":14,"column":null}},"5":{"start":{"line":15,"column":4},"end":{"line":15,"column":null}},"6":{"start":{"line":16,"column":4},"end":{"line":16,"column":null}},"7":{"start":{"line":17,"column":4},"end":{"line":17,"column":null}},"8":{"start":{"line":18,"column":4},"end":{"line":18,"column":null}},"9":{"start":{"line":19,"column":4},"end":{"line":19,"column":null}},"10":{"start":{"line":20,"column":4},"end":{"line":20,"column":null}},"11":{"start":{"line":21,"column":20},"end":{"line":27,"column":null}},"12":{"start":{"line":21,"column":58},"end":{"line":27,"column":6}},"13":{"start":{"line":28,"column":4},"end":{"line":28,"column":null}},"14":{"start":{"line":31,"column":2},"end":{"line":36,"column":null}},"15":{"start":{"line":34,"column":8},"end":{"line":34,"column":null}}},"fnMap":{"0":{"name":"(anonymous_0)","decl":{"start":{"line":9,"column":25},"end":{"line":9,"column":31}},"loc":{"start":{"line":9,"column":31},"end":{"line":38,"column":null}}},"1":{"name":"(anonymous_1)","decl":{"start":{"line":12,"column":26},"end":{"line":12,"column":32}},"loc":{"start":{"line":12,"column":32},"end":{"line":29,"column":5}}},"2":{"name":"(anonymous_2)","decl":{"start":{"line":21,"column":48},"end":{"line":21,"column":49}},"loc":{"start":{"line":21,"column":58},"end":{"line":27,"column":6}}},"3":{"name":"(anonymous_3)","decl":{"start":{"line":33,"column":19},"end":{"line":33,"column":20}},"loc":{"start":{"line":34,"column":8},"end":{"line":34,"column":null}}}},"branchMap":{"0":{"loc":{"start":{"line":34,"column":27},"end":{"line":34,"column":55}},"type":"binary-expr","locations":[{"start":{"line":34,"column":27},"end":{"line":34,"column":40}},{"start":{"line":34,"column":40},"end":{"line":34,"column":55}}]}},"s":{"0":0,"1":0,"2":0,"3":0,"4":0,"5":0,"6":0,"7":0,"8":0,"9":0,"10":0,"11":0,"12":0,"13":0,"14":0,"15":0},"f":{"0":0,"1":0,"2":0,"3":0},"b":{"0":[0,0]}}
,"/Users/petarnenov/react-dnd/dnd-exmpl/src/components/CustomGrid/CustomGrid.jsx": {"path":"/Users/petarnenov/react-dnd/dnd-exmpl/src/components/CustomGrid/CustomGrid.jsx","statementMap":{"0":{"start":{"line":7,"column":0},"end":{"line":7,"column":null}},"1":{"start":{"line":11,"column":19},"end":{"line":74,"column":null}},"2":{"start":{"line":12,"column":17},"end":{"line":12,"column":null}},"3":{"start":{"line":13,"column":47},"end":{"line":13,"column":null}},"4":{"start":{"line":14,"column":18},"end":{"line":14,"column":null}},"5":{"start":{"line":15,"column":39},"end":{"line":15,"column":null}},"6":{"start":{"line":17,"column":25},"end":{"line":21,"column":null}},"7":{"start":{"line":18,"column":18},"end":{"line":18,"column":null}},"8":{"start":{"line":19,"column":2},"end":{"line":19,"column":null}},"9":{"start":{"line":20,"column":2},"end":{"line":20,"column":null}},"10":{"start":{"line":23,"column":25},"end":{"line":28,"column":null}},"11":{"start":{"line":25,"column":28},"end":{"line":25,"column":null}},"12":{"start":{"line":26,"column":2},"end":{"line":26,"column":null}},"13":{"start":{"line":26,"column":27},"end":{"line":26,"column":44}},"14":{"start":{"line":27,"column":2},"end":{"line":27,"column":null}},"15":{"start":{"line":30,"column":28},"end":{"line":35,"column":null}},"16":{"start":{"line":31,"column":2},"end":{"line":34,"column":null}},"17":{"start":{"line":32,"column":3},"end":{"line":32,"column":null}},"18":{"start":{"line":33,"column":3},"end":{"line":33,"column":null}},"19":{"start":{"line":37,"column":1},"end":{"line":37,"column":null}},"20":{"start":{"line":39,"column":1},"end":{"line":72,"column":null}},"21":{"start":{"line":67,"column":34},"end":{"line":67,"column":null}}},"fnMap":{"0":{"name":"(anonymous_0)","decl":{"start":{"line":11,"column":19},"end":{"line":11,"column":25}},"loc":{"start":{"line":11,"column":25},"end":{"line":74,"column":null}}},"1":{"name":"(anonymous_1)","decl":{"start":{"line":17,"column":37},"end":{"line":17,"column":43}},"loc":{"start":{"line":17,"column":43},"end":{"line":21,"column":4}}},"2":{"name":"(anonymous_2)","decl":{"start":{"line":23,"column":37},"end":{"line":23,"column":43}},"loc":{"start":{"line":23,"column":43},"end":{"line":28,"column":4}}},"3":{"name":"(anonymous_3)","decl":{"start":{"line":26,"column":21},"end":{"line":26,"column":27}},"loc":{"start":{"line":26,"column":27},"end":{"line":26,"column":44}}},"4":{"name":"(anonymous_4)","decl":{"start":{"line":30,"column":40},"end":{"line":30,"column":46}},"loc":{"start":{"line":30,"column":46},"end":{"line":35,"column":4}}},"5":{"name":"(anonymous_5)","decl":{"start":{"line":67,"column":28},"end":{"line":67,"column":34}},"loc":{"start":{"line":67,"column":34},"end":{"line":67,"column":null}}}},"branchMap":{"0":{"loc":{"start":{"line":31,"column":2},"end":{"line":34,"column":null}},"type":"if","locations":[{"start":{"line":31,"column":2},"end":{"line":34,"column":null}},{"start":{},"end":{}}]}},"s":{"0":0,"1":0,"2":0,"3":0,"4":0,"5":0,"6":0,"7":0,"8":0,"9":0,"10":0,"11":0,"12":0,"13":0,"14":0,"15":0,"16":0,"17":0,"18":0,"19":0,"20":0,"21":0},"f":{"0":0,"1":0,"2":0,"3":0,"4":0,"5":0},"b":{"0":[0,0]}}
,"/Users/petarnenov/react-dnd/dnd-exmpl/src/components/ValueBuilder/ValueBuilder.tsx": {"path":"/Users/petarnenov/react-dnd/dnd-exmpl/src/components/ValueBuilder/ValueBuilder.tsx","statementMap":{"0":{"start":{"line":6,"column":21},"end":{"line":31,"column":null}},"1":{"start":{"line":11,"column":4},"end":{"line":11,"column":null}},"2":{"start":{"line":13,"column":2},"end":{"line":29,"column":null}},"3":{"start":{"line":25,"column":29},"end":{"line":25,"column":48}}},"fnMap":{"0":{"name":"(anonymous_0)","decl":{"start":{"line":6,"column":21},"end":{"line":6,"column":22}},"loc":{"start":{"line":9,"column":6},"end":{"line":31,"column":null}}},"1":{"name":"(anonymous_1)","decl":{"start":{"line":25,"column":19},"end":{"line":25,"column":20}},"loc":{"start":{"line":25,"column":29},"end":{"line":25,"column":48}}}},"branchMap":{"0":{"loc":{"start":{"line":8,"column":2},"end":{"line":8,"column":null}},"type":"default-arg","locations":[{"start":{"line":8,"column":31},"end":{"line":8,"column":null}}]}},"s":{"0":1,"1":6,"2":6,"3":6},"f":{"0":6,"1":6},"b":{"0":[2]}}
,"/Users/petarnenov/react-dnd/dnd-exmpl/src/components/ValueBuilder/hooks/useVariantBuilderModel.ts": {"path":"/Users/petarnenov/react-dnd/dnd-exmpl/src/components/ValueBuilder/hooks/useVariantBuilderModel.ts","statementMap":{"0":{"start":{"line":3,"column":38},"end":{"line":10,"column":null}},"1":{"start":{"line":4,"column":38},"end":{"line":4,"column":null}},"2":{"start":{"line":6,"column":2},"end":{"line":9,"column":null}}},"fnMap":{"0":{"name":"(anonymous_0)","decl":{"start":{"line":3,"column":38},"end":{"line":3,"column":44}},"loc":{"start":{"line":3,"column":44},"end":{"line":10,"column":null}}}},"branchMap":{},"s":{"0":3,"1":27,"2":27},"f":{"0":27},"b":{}}
,"/Users/petarnenov/react-dnd/dnd-exmpl/src/components/ValueBuilder/hooks/useVariantBuilderViewModel.ts": {"path":"/Users/petarnenov/react-dnd/dnd-exmpl/src/components/ValueBuilder/hooks/useVariantBuilderViewModel.ts","statementMap":{"0":{"start":{"line":10,"column":42},"end":{"line":44,"column":null}},"1":{"start":{"line":15,"column":36},"end":{"line":15,"column":null}},"2":{"start":{"line":17,"column":18},"end":{"line":24,"column":null}},"3":{"start":{"line":18,"column":2},"end":{"line":23,"column":null}},"4":{"start":{"line":21,"column":4},"end":{"line":21,"column":null}},"5":{"start":{"line":21,"column":32},"end":{"line":21,"column":61}},"6":{"start":{"line":26,"column":31},"end":{"line":31,"column":null}},"7":{"start":{"line":26,"column":46},"end":{"line":31,"column":5}},"8":{"start":{"line":33,"column":21},"end":{"line":35,"column":null}},"9":{"start":{"line":34,"column":8},"end":{"line":34,"column":null}},"10":{"start":{"line":37,"column":1},"end":{"line":43,"column":null}}},"fnMap":{"0":{"name":"(anonymous_0)","decl":{"start":{"line":10,"column":42},"end":{"line":10,"column":43}},"loc":{"start":{"line":14,"column":6},"end":{"line":44,"column":null}}},"1":{"name":"(anonymous_1)","decl":{"start":{"line":17,"column":26},"end":{"line":17,"column":32}},"loc":{"start":{"line":17,"column":32},"end":{"line":24,"column":4}}},"2":{"name":"(anonymous_2)","decl":{"start":{"line":20,"column":9},"end":{"line":20,"column":10}},"loc":{"start":{"line":20,"column":42},"end":{"line":22,"column":null}}},"3":{"name":"(anonymous_3)","decl":{"start":{"line":21,"column":18},"end":{"line":21,"column":32}},"loc":{"start":{"line":21,"column":32},"end":{"line":21,"column":61}}},"4":{"name":"(anonymous_4)","decl":{"start":{"line":26,"column":39},"end":{"line":26,"column":46}},"loc":{"start":{"line":26,"column":46},"end":{"line":31,"column":5}}},"5":{"name":"(anonymous_5)","decl":{"start":{"line":33,"column":33},"end":{"line":33,"column":39}},"loc":{"start":{"line":33,"column":39},"end":{"line":35,"column":7}}}},"branchMap":{"0":{"loc":{"start":{"line":11,"column":1},"end":{"line":11,"column":null}},"type":"default-arg","locations":[{"start":{"line":11,"column":26},"end":{"line":11,"column":null}}]},"1":{"loc":{"start":{"line":12,"column":1},"end":{"line":12,"column":null}},"type":"default-arg","locations":[{"start":{"line":12,"column":11},"end":{"line":12,"column":null}}]},"2":{"loc":{"start":{"line":13,"column":1},"end":{"line":13,"column":null}},"type":"default-arg","locations":[{"start":{"line":13,"column":11},"end":{"line":13,"column":null}}]}},"s":{"0":2,"1":4,"2":4,"3":2,"4":0,"5":0,"6":4,"7":2,"8":4,"9":0,"10":4},"f":{"0":4,"1":2,"2":0,"3":0,"4":2,"5":0},"b":{"0":[3],"1":[2],"2":[2]}}
,"/Users/petarnenov/react-dnd/dnd-exmpl/src/store/store.js": {"path":"/Users/petarnenov/react-dnd/dnd-exmpl/src/store/store.js","statementMap":{"0":{"start":{"line":3,"column":20},"end":{"line":60,"column":null}},"1":{"start":{"line":62,"column":19},"end":{"line":69,"column":null}},"2":{"start":{"line":71,"column":17},"end":{"line":112,"column":null}},"3":{"start":{"line":71,"column":34},"end":{"line":112,"column":1}},"4":{"start":{"line":74,"column":24},"end":{"line":74,"column":102}},"5":{"start":{"line":74,"column":40},"end":{"line":74,"column":100}},"6":{"start":{"line":78,"column":34},"end":{"line":78,"column":187}},"7":{"start":{"line":78,"column":50},"end":{"line":78,"column":185}},"8":{"start":{"line":79,"column":36},"end":{"line":79,"column":216}},"9":{"start":{"line":79,"column":52},"end":{"line":79,"column":214}},"10":{"start":{"line":79,"column":184},"end":{"line":79,"column":209}},"11":{"start":{"line":80,"column":52},"end":{"line":80,"column":281}},"12":{"start":{"line":80,"column":68},"end":{"line":80,"column":279}},"13":{"start":{"line":80,"column":197},"end":{"line":80,"column":274}},"14":{"start":{"line":81,"column":25},"end":{"line":81,"column":122}},"15":{"start":{"line":81,"column":41},"end":{"line":81,"column":120}},"16":{"start":{"line":82,"column":36},"end":{"line":82,"column":144}},"17":{"start":{"line":82,"column":52},"end":{"line":82,"column":142}},"18":{"start":{"line":83,"column":56},"end":{"line":103,"column":5}},"19":{"start":{"line":83,"column":72},"end":{"line":103,"column":3}},"20":{"start":{"line":85,"column":105},"end":{"line":101,"column":14}},"21":{"start":{"line":87,"column":21},"end":{"line":87,"column":null}},"22":{"start":{"line":88,"column":19},"end":{"line":93,"column":null}},"23":{"start":{"line":89,"column":7},"end":{"line":91,"column":null}},"24":{"start":{"line":90,"column":8},"end":{"line":90,"column":null}},"25":{"start":{"line":92,"column":7},"end":{"line":92,"column":null}},"26":{"start":{"line":94,"column":6},"end":{"line":99,"column":null}},"27":{"start":{"line":95,"column":7},"end":{"line":95,"column":null}},"28":{"start":{"line":97,"column":7},"end":{"line":97,"column":null}},"29":{"start":{"line":98,"column":7},"end":{"line":98,"column":null}},"30":{"start":{"line":104,"column":40},"end":{"line":110,"column":4}},"31":{"start":{"line":105,"column":22},"end":{"line":105,"column":66}},"32":{"start":{"line":106,"column":3},"end":{"line":106,"column":null}},"33":{"start":{"line":107,"column":3},"end":{"line":109,"column":null}},"34":{"start":{"line":114,"column":33},"end":{"line":114,"column":null}},"35":{"start":{"line":114,"column":39},"end":{"line":114,"column":null}},"36":{"start":{"line":114,"column":59},"end":{"line":114,"column":74}},"37":{"start":{"line":115,"column":37},"end":{"line":115,"column":null}},"38":{"start":{"line":115,"column":43},"end":{"line":115,"column":null}},"39":{"start":{"line":115,"column":63},"end":{"line":115,"column":82}},"40":{"start":{"line":116,"column":46},"end":{"line":116,"column":null}},"41":{"start":{"line":116,"column":52},"end":{"line":116,"column":null}},"42":{"start":{"line":116,"column":72},"end":{"line":116,"column":100}}},"fnMap":{"0":{"name":"(anonymous_0)","decl":{"start":{"line":71,"column":24},"end":{"line":71,"column":25}},"loc":{"start":{"line":71,"column":34},"end":{"line":112,"column":1}}},"1":{"name":"(anonymous_1)","decl":{"start":{"line":74,"column":11},"end":{"line":74,"column":12}},"loc":{"start":{"line":74,"column":24},"end":{"line":74,"column":102}}},"2":{"name":"(anonymous_2)","decl":{"start":{"line":74,"column":28},"end":{"line":74,"column":29}},"loc":{"start":{"line":74,"column":40},"end":{"line":74,"column":100}}},"3":{"name":"(anonymous_3)","decl":{"start":{"line":78,"column":16},"end":{"line":78,"column":17}},"loc":{"start":{"line":78,"column":34},"end":{"line":78,"column":187}}},"4":{"name":"(anonymous_4)","decl":{"start":{"line":78,"column":38},"end":{"line":78,"column":39}},"loc":{"start":{"line":78,"column":50},"end":{"line":78,"column":185}}},"5":{"name":"(anonymous_5)","decl":{"start":{"line":79,"column":19},"end":{"line":79,"column":20}},"loc":{"start":{"line":79,"column":36},"end":{"line":79,"column":216}}},"6":{"name":"(anonymous_6)","decl":{"start":{"line":79,"column":40},"end":{"line":79,"column":41}},"loc":{"start":{"line":79,"column":52},"end":{"line":79,"column":214}}},"7":{"name":"(anonymous_7)","decl":{"start":{"line":79,"column":172},"end":{"line":79,"column":173}},"loc":{"start":{"line":79,"column":184},"end":{"line":79,"column":209}}},"8":{"name":"(anonymous_8)","decl":{"start":{"line":80,"column":20},"end":{"line":80,"column":21}},"loc":{"start":{"line":80,"column":52},"end":{"line":80,"column":281}}},"9":{"name":"(anonymous_9)","decl":{"start":{"line":80,"column":56},"end":{"line":80,"column":57}},"loc":{"start":{"line":80,"column":68},"end":{"line":80,"column":279}}},"10":{"name":"(anonymous_10)","decl":{"start":{"line":80,"column":185},"end":{"line":80,"column":186}},"loc":{"start":{"line":80,"column":197},"end":{"line":80,"column":274}}},"11":{"name":"(anonymous_11)","decl":{"start":{"line":81,"column":19},"end":{"line":81,"column":20}},"loc":{"start":{"line":81,"column":25},"end":{"line":81,"column":122}}},"12":{"name":"(anonymous_12)","decl":{"start":{"line":81,"column":29},"end":{"line":81,"column":30}},"loc":{"start":{"line":81,"column":41},"end":{"line":81,"column":120}}},"13":{"name":"(anonymous_13)","decl":{"start":{"line":82,"column":17},"end":{"line":82,"column":18}},"loc":{"start":{"line":82,"column":36},"end":{"line":82,"column":144}}},"14":{"name":"(anonymous_14)","decl":{"start":{"line":82,"column":40},"end":{"line":82,"column":41}},"loc":{"start":{"line":82,"column":52},"end":{"line":82,"column":142}}},"15":{"name":"(anonymous_15)","decl":{"start":{"line":83,"column":27},"end":{"line":83,"column":28}},"loc":{"start":{"line":83,"column":56},"end":{"line":103,"column":5}}},"16":{"name":"(anonymous_16)","decl":{"start":{"line":83,"column":60},"end":{"line":83,"column":61}},"loc":{"start":{"line":83,"column":72},"end":{"line":103,"column":3}}},"17":{"name":"(anonymous_17)","decl":{"start":{"line":85,"column":93},"end":{"line":85,"column":94}},"loc":{"start":{"line":85,"column":105},"end":{"line":101,"column":14}}},"18":{"name":"(anonymous_18)","decl":{"start":{"line":86,"column":29},"end":{"line":86,"column":30}},"loc":{"start":{"line":86,"column":43},"end":{"line":100,"column":null}}},"19":{"name":"(anonymous_19)","decl":{"start":{"line":88,"column":33},"end":{"line":88,"column":34}},"loc":{"start":{"line":88,"column":49},"end":{"line":93,"column":7}}},"20":{"name":"(anonymous_20)","decl":{"start":{"line":104,"column":13},"end":{"line":104,"column":14}},"loc":{"start":{"line":104,"column":40},"end":{"line":110,"column":4}}},"21":{"name":"(anonymous_21)","decl":{"start":{"line":104,"column":44},"end":{"line":104,"column":45}},"loc":{"start":{"line":104,"column":55},"end":{"line":110,"column":3}}},"22":{"name":"(anonymous_22)","decl":{"start":{"line":114,"column":33},"end":{"line":114,"column":34}},"loc":{"start":{"line":114,"column":39},"end":{"line":114,"column":null}}},"23":{"name":"(anonymous_23)","decl":{"start":{"line":114,"column":48},"end":{"line":114,"column":49}},"loc":{"start":{"line":114,"column":59},"end":{"line":114,"column":74}}},"24":{"name":"(anonymous_24)","decl":{"start":{"line":115,"column":37},"end":{"line":115,"column":38}},"loc":{"start":{"line":115,"column":43},"end":{"line":115,"column":null}}},"25":{"name":"(anonymous_25)","decl":{"start":{"line":115,"column":52},"end":{"line":115,"column":53}},"loc":{"start":{"line":115,"column":63},"end":{"line":115,"column":82}}},"26":{"name":"(anonymous_26)","decl":{"start":{"line":116,"column":46},"end":{"line":116,"column":47}},"loc":{"start":{"line":116,"column":52},"end":{"line":116,"column":null}}},"27":{"name":"(anonymous_27)","decl":{"start":{"line":116,"column":61},"end":{"line":116,"column":62}},"loc":{"start":{"line":116,"column":72},"end":{"line":116,"column":100}}}},"branchMap":{"0":{"loc":{"start":{"line":80,"column":197},"end":{"line":80,"column":274}},"type":"cond-expr","locations":[{"start":{"line":80,"column":225},"end":{"line":80,"column":265}},{"start":{"line":80,"column":268},"end":{"line":80,"column":274}}]},"1":{"loc":{"start":{"line":85,"column":105},"end":{"line":101,"column":14}},"type":"cond-expr","locations":[{"start":{"line":85,"column":133},"end":{"line":101,"column":5}},{"start":{"line":101,"column":8},"end":{"line":101,"column":14}}]},"2":{"loc":{"start":{"line":89,"column":7},"end":{"line":91,"column":null}},"type":"if","locations":[{"start":{"line":89,"column":7},"end":{"line":91,"column":null}},{"start":{},"end":{}}]}},"s":{"0":0,"1":0,"2":0,"3":0,"4":0,"5":0,"6":0,"7":0,"8":0,"9":0,"10":0,"11":0,"12":0,"13":0,"14":0,"15":0,"16":0,"17":0,"18":0,"19":0,"20":0,"21":0,"22":0,"23":0,"24":0,"25":0,"26":0,"27":0,"28":0,"29":0,"30":0,"31":0,"32":0,"33":0,"34":0,"35":0,"36":0,"37":0,"38":0,"39":0,"40":0,"41":0,"42":0},"f":{"0":0,"1":0,"2":0,"3":0,"4":0,"5":0,"6":0,"7":0,"8":0,"9":0,"10":0,"11":0,"12":0,"13":0,"14":0,"15":0,"16":0,"17":0,"18":0,"19":0,"20":0,"21":0,"22":0,"23":0,"24":0,"25":0,"26":0,"27":0},"b":{"0":[0,0],"1":[0,0],"2":[0,0]}}
,"/Users/petarnenov/react-dnd/dnd-exmpl/src/tests/testUtils.tsx": {"path":"/Users/petarnenov/react-dnd/dnd-exmpl/src/tests/testUtils.tsx","statementMap":{"0":{"start":{"line":6,"column":24},"end":{"line":12,"column":null}},"1":{"start":{"line":7,"column":2},"end":{"line":10,"column":null}},"2":{"start":{"line":16,"column":22},"end":{"line":17,"column":null}},"3":{"start":{"line":17,"column":2},"end":{"line":17,"column":null}}},"fnMap":{"0":{"name":"(anonymous_0)","decl":{"start":{"line":6,"column":24},"end":{"line":6,"column":25}},"loc":{"start":{"line":6,"column":42},"end":{"line":12,"column":null}}},"1":{"name":"(anonymous_1)","decl":{"start":{"line":16,"column":22},"end":{"line":16,"column":23}},"loc":{"start":{"line":17,"column":2},"end":{"line":17,"column":null}}}},"branchMap":{},"s":{"0":1,"1":3,"2":1,"3":3},"f":{"0":3,"1":3},"b":{}}
,"/Users/petarnenov/react-dnd/dnd-exmpl/src/utils/capitalizationFirstLater.ts": {"path":"/Users/petarnenov/react-dnd/dnd-exmpl/src/utils/capitalizationFirstLater.ts","statementMap":{"0":{"start":{"line":1,"column":37},"end":{"line":3,"column":null}},"1":{"start":{"line":2,"column":1},"end":{"line":2,"column":null}}},"fnMap":{"0":{"name":"(anonymous_0)","decl":{"start":{"line":1,"column":37},"end":{"line":1,"column":38}},"loc":{"start":{"line":1,"column":60},"end":{"line":3,"column":null}}}},"branchMap":{},"s":{"0":0,"1":0},"f":{"0":0},"b":{}}
}
